2022-07-04 07:00:53 INFO  ds-algo:19 - Getstarted is clicked
  2022-07-04 07:00:53 INFO  ds-algo:19 - Getstarted is clicked
  2022-07-04 07:07:37 INFO  ds-algo:19 - Getstarted is clicked
  2022-07-04 07:08:36 INFO  ds-algo:19 - Getstarted is clicked
  2022-07-05 12:19:51 INFO  ds-algo:19 - Getstarted is clicked
  2022-07-05 12:29:29 INFO  ds-algo:19 - Getstarted is clicked
  2022-07-05 12:39:35 INFO  ds-algo:19 - Getstarted is clicked
  2022-07-05 12:40:06 INFO  ds-algo:26 - Tree page is clicked
  2022-07-05 12:55:36 INFO  ds-algo:19 - Getstarted is clicked
  2022-07-05 12:55:43 INFO  ds-algo:20 - user is on login page
  2022-07-05 12:55:44 INFO  ds-algo:24 - user read data from excel
  2022-07-05 12:55:46 INFO  ds-algo:20 - user is on login page
  2022-07-05 12:55:47 INFO  ds-algo:24 - user read data from excel
  2022-07-05 12:55:49 INFO  ds-algo:20 - user is on login page
  2022-07-05 12:55:49 INFO  ds-algo:24 - user read data from excel
  2022-07-05 12:55:51 INFO  ds-algo:20 - user is on login page
  2022-07-05 12:55:52 INFO  ds-algo:24 - user read data from excel
  2022-07-05 12:55:57 INFO  ds-algo:28 - user is on Array page
  2022-07-05 12:56:01 INFO  ds-algo:53 - All array links are clicked
  2022-07-05 12:56:06 INFO  ds-algo:26 - Tree page is clicked
  2022-07-05 12:56:18 INFO  ds-algo:93 - All Treepages links are clicked
  2022-07-05 12:57:50 INFO  ds-algo:20 - user is on login page
  2022-07-05 12:57:51 INFO  ds-algo:24 - user read data from excel
  2022-07-05 12:57:53 INFO  ds-algo:20 - user is on login page
  2022-07-05 12:57:54 INFO  ds-algo:24 - user read data from excel
  2022-07-05 12:57:56 INFO  ds-algo:20 - user is on login page
  2022-07-05 12:57:56 INFO  ds-algo:24 - user read data from excel
  2022-07-05 12:57:59 INFO  ds-algo:20 - user is on login page
  2022-07-05 12:58:00 INFO  ds-algo:24 - user read data from excel
  2022-07-05 13:07:24 INFO  ds-algo:19 - Getstarted is clicked
  2022-07-05 13:07:31 INFO  ds-algo:20 - user is on login page
  2022-07-05 13:07:33 INFO  ds-algo:24 - user read data from excel
  2022-07-05 13:07:35 INFO  ds-algo:20 - user is on login page
  2022-07-05 13:07:36 INFO  ds-algo:24 - user read data from excel
  2022-07-05 13:07:38 INFO  ds-algo:20 - user is on login page
  2022-07-05 13:07:38 INFO  ds-algo:24 - user read data from excel
  2022-07-05 13:07:41 INFO  ds-algo:20 - user is on login page
  2022-07-05 13:07:42 INFO  ds-algo:24 - user read data from excel
  2022-07-05 13:07:48 INFO  ds-algo:28 - user is on Array page
  2022-07-05 13:07:54 INFO  ds-algo:53 - All array links are clicked
  2022-07-05 13:08:01 INFO  ds-algo:26 - Tree page is clicked
  2022-07-05 13:08:12 INFO  ds-algo:93 - All Treepages links are clicked
  2022-07-05 14:26:03 INFO  ds-algo:19 - Getstarted is clicked
  2022-07-05 14:26:12 INFO  ds-algo:20 - user is on login page
  2022-07-05 14:26:13 INFO  ds-algo:24 - user read data from excel
  2022-07-05 14:26:15 INFO  ds-algo:20 - user is on login page
  2022-07-05 14:26:15 INFO  ds-algo:24 - user read data from excel
  2022-07-05 14:26:18 INFO  ds-algo:20 - user is on login page
  2022-07-05 14:26:18 INFO  ds-algo:24 - user read data from excel
  2022-07-05 14:26:21 INFO  ds-algo:20 - user is on login page
  2022-07-05 14:26:22 INFO  ds-algo:24 - user read data from excel
  2022-07-05 14:26:27 INFO  ds-algo:28 - user is on Array page
  2022-07-05 14:26:32 INFO  ds-algo:53 - All array links are clicked
  2022-07-05 14:26:38 INFO  ds-algo:26 - Tree page is clicked
  2022-07-05 14:26:52 INFO  ds-algo:93 - All Treepages links are clicked
  2022-07-05 18:40:12 INFO  ds-algo:19 - Getstarted is clicked
  2022-07-05 18:40:23 INFO  ds-algo:20 - user is on login page
  2022-07-05 18:40:24 INFO  ds-algo:24 - user read data from excel
  2022-07-05 18:40:27 INFO  ds-algo:20 - user is on login page
  2022-07-05 18:40:28 INFO  ds-algo:24 - user read data from excel
  2022-07-05 18:40:31 INFO  ds-algo:20 - user is on login page
  2022-07-05 18:40:32 INFO  ds-algo:24 - user read data from excel
  2022-07-05 18:40:35 INFO  ds-algo:20 - user is on login page
  2022-07-05 18:40:36 INFO  ds-algo:24 - user read data from excel
  2022-07-05 18:40:44 INFO  ds-algo:28 - user is on Array page
  2022-07-05 18:40:51 INFO  ds-algo:53 - All array links are clicked
  2022-07-05 18:41:00 INFO  ds-algo:26 - Tree page is clicked
  2022-07-05 18:41:18 INFO  ds-algo:93 - All Treepages links are clicked
  2022-07-05 18:43:12 INFO  ds-algo:26 - Tree page is clicked
  2022-07-05 18:43:28 INFO  ds-algo:93 - All Treepages links are clicked
  2022-07-05 21:55:20 INFO  ds-algo:19 - Getstarted is clicked
  2022-07-05 21:55:29 INFO  ds-algo:20 - user is on login page
  2022-07-05 21:55:29 INFO  ds-algo:24 - user read data from excel
  2022-07-05 21:55:32 INFO  ds-algo:20 - user is on login page
  2022-07-05 21:55:32 INFO  ds-algo:24 - user read data from excel
  2022-07-05 21:55:34 INFO  ds-algo:20 - user is on login page
  2022-07-05 21:55:35 INFO  ds-algo:24 - user read data from excel
  2022-07-05 21:55:37 INFO  ds-algo:20 - user is on login page
  2022-07-05 21:55:38 INFO  ds-algo:24 - user read data from excel
  2022-07-05 21:55:43 INFO  ds-algo:28 - user is on Array page
  2022-07-05 21:55:48 INFO  ds-algo:53 - All array links are clicked
  2022-07-05 21:55:54 INFO  ds-algo:26 - Tree page is clicked
  2022-07-05 21:56:07 INFO  ds-algo:93 - All Treepages links are clicked
  2022-07-05 21:57:29 INFO  ds-algo:19 - Getstarted is clicked
  2022-07-05 21:57:44 INFO  ds-algo:20 - user is on login page
  2022-07-05 21:57:45 INFO  ds-algo:24 - user read data from excel
  2022-07-05 21:57:47 INFO  ds-algo:20 - user is on login page
  2022-07-05 21:57:47 INFO  ds-algo:24 - user read data from excel
  2022-07-05 21:57:50 INFO  ds-algo:20 - user is on login page
  2022-07-05 21:57:50 INFO  ds-algo:24 - user read data from excel
  2022-07-05 21:57:52 INFO  ds-algo:20 - user is on login page
  2022-07-05 21:57:53 INFO  ds-algo:24 - user read data from excel
  2022-07-05 21:58:38 INFO  ds-algo:28 - user is on Array page
  2022-07-05 21:58:42 INFO  ds-algo:53 - All array links are clicked
  2022-07-05 21:58:48 INFO  ds-algo:26 - Tree page is clicked
  2022-07-05 21:59:08 INFO  ds-algo:93 - All Treepages links are clicked
  2022-07-05 22:01:18 INFO  ds-algo:19 - Getstarted is clicked
  2022-07-05 22:57:56 INFO  ds-algo:20 - Getstarted is clicked
  2022-07-06 12:03:58 INFO  ds-algo:20 - user is on login page
  2022-07-06 12:03:59 INFO  ds-algo:24 - user read data from excel
  2022-07-06 12:04:02 INFO  ds-algo:20 - user is on login page
  2022-07-06 12:04:03 INFO  ds-algo:24 - user read data from excel
  2022-07-06 12:04:05 INFO  ds-algo:20 - user is on login page
  2022-07-06 12:04:06 INFO  ds-algo:24 - user read data from excel
  2022-07-06 12:04:08 INFO  ds-algo:20 - user is on login page
  2022-07-06 12:04:09 INFO  ds-algo:24 - user read data from excel
  2022-07-06 12:06:25 INFO  ds-algo:20 - user is on login page
  2022-07-06 12:06:26 INFO  ds-algo:24 - user read data from excel
  2022-07-06 12:06:28 INFO  ds-algo:20 - user is on login page
  2022-07-06 12:06:29 INFO  ds-algo:24 - user read data from excel
  2022-07-06 12:06:32 INFO  ds-algo:20 - user is on login page
  2022-07-06 12:06:33 INFO  ds-algo:24 - user read data from excel
  2022-07-06 12:06:35 INFO  ds-algo:20 - user is on login page
  2022-07-06 12:06:36 INFO  ds-algo:24 - user read data from excel
  